{"C:\\Users\\vikys.DESKTOP-2T2RQ13\\Documents\\1TULSchool1\\STIN\\semestral\\STIN\\packages\\api\\src\\app\\system.controller.ts": {"path":"C:\\Users\\vikys.DESKTOP-2T2RQ13\\Documents\\1TULSchool1\\STIN\\semestral\\STIN\\packages\\api\\src\\app\\system.controller.ts","statementMap":{"0":{"start":{"line":1,"column":0},"end":{"line":1,"column":49}},"1":{"start":{"line":4,"column":0},"end":{"line":9,"column":null}},"2":{"start":{"line":7,"column":2},"end":{"line":7,"column":25}},"3":{"start":{"line":6,"column":1},"end":{"line":8,"column":null}},"4":{"start":{"line":4,"column":13},"end":{"line":9,"column":null}},"5":{"start":{"line":4,"column":13},"end":{"line":4,"column":29}}},"fnMap":{"0":{"name":"(anonymous_2)","decl":{"start":{"line":6,"column":1},"end":{"line":6,"column":7}},"loc":{"start":{"line":6,"column":7},"end":{"line":8,"column":2}}}},"branchMap":{},"s":{"0":1,"1":1,"2":1,"3":1,"4":1,"5":1},"f":{"0":1},"b":{}}
,"C:\\Users\\vikys.DESKTOP-2T2RQ13\\Documents\\1TULSchool1\\STIN\\semestral\\STIN\\packages\\api\\src\\modules\\account\\account.dto.ts": {"path":"C:\\Users\\vikys.DESKTOP-2T2RQ13\\Documents\\1TULSchool1\\STIN\\semestral\\STIN\\packages\\api\\src\\modules\\account\\account.dto.ts","statementMap":{"0":{"start":{"line":1,"column":0},"end":{"line":1,"column":77}},"1":{"start":{"line":2,"column":0},"end":{"line":2,"column":42}},"2":{"start":{"line":3,"column":0},"end":{"line":3,"column":69}},"3":{"start":{"line":5,"column":0},"end":{"line":7,"column":3}},"4":{"start":{"line":10,"column":0},"end":{"line":17,"column":null}},"5":{"start":{"line":11,"column":10},"end":{"line":11,"column":null}},"6":{"start":{"line":12,"column":10},"end":{"line":12,"column":null}},"7":{"start":{"line":13,"column":10},"end":{"line":13,"column":null}},"8":{"start":{"line":14,"column":24},"end":{"line":14,"column":null}},"9":{"start":{"line":14,"column":14},"end":{"line":14,"column":22}},"10":{"start":{"line":15,"column":32},"end":{"line":15,"column":null}},"11":{"start":{"line":15,"column":14},"end":{"line":15,"column":30}},"12":{"start":{"line":16,"column":21},"end":{"line":16,"column":null}},"13":{"start":{"line":16,"column":14},"end":{"line":16,"column":19}},"14":{"start":{"line":10,"column":13},"end":{"line":17,"column":null}},"15":{"start":{"line":10,"column":13},"end":{"line":10,"column":23}},"16":{"start":{"line":21,"column":0},"end":{"line":26,"column":null}},"17":{"start":{"line":22,"column":10},"end":{"line":22,"column":null}},"18":{"start":{"line":23,"column":10},"end":{"line":23,"column":null}},"19":{"start":{"line":24,"column":10},"end":{"line":24,"column":null}},"20":{"start":{"line":25,"column":10},"end":{"line":25,"column":null}},"21":{"start":{"line":21,"column":13},"end":{"line":26,"column":null}},"22":{"start":{"line":21,"column":13},"end":{"line":21,"column":29}}},"fnMap":{"0":{"name":"(anonymous_2)","decl":{"start":{"line":14,"column":8},"end":{"line":14,"column":11}},"loc":{"start":{"line":14,"column":14},"end":{"line":14,"column":22}}},"1":{"name":"(anonymous_3)","decl":{"start":{"line":15,"column":8},"end":{"line":15,"column":11}},"loc":{"start":{"line":15,"column":14},"end":{"line":15,"column":30}}},"2":{"name":"(anonymous_4)","decl":{"start":{"line":16,"column":8},"end":{"line":16,"column":11}},"loc":{"start":{"line":16,"column":14},"end":{"line":16,"column":19}}}},"branchMap":{},"s":{"0":3,"1":3,"2":3,"3":3,"4":3,"5":3,"6":3,"7":3,"8":3,"9":0,"10":3,"11":0,"12":3,"13":0,"14":3,"15":3,"16":3,"17":3,"18":3,"19":3,"20":3,"21":3,"22":3},"f":{"0":0,"1":0,"2":0},"b":{}}
,"C:\\Users\\vikys.DESKTOP-2T2RQ13\\Documents\\1TULSchool1\\STIN\\semestral\\STIN\\packages\\api\\src\\modules\\account\\account.module.ts": {"path":"C:\\Users\\vikys.DESKTOP-2T2RQ13\\Documents\\1TULSchool1\\STIN\\semestral\\STIN\\packages\\api\\src\\modules\\account\\account.module.ts","statementMap":{"0":{"start":{"line":1,"column":0},"end":{"line":1,"column":40}},"1":{"start":{"line":2,"column":0},"end":{"line":2,"column":60}},"2":{"start":{"line":3,"column":0},"end":{"line":3,"column":75}},"3":{"start":{"line":4,"column":0},"end":{"line":4,"column":51}},"4":{"start":{"line":5,"column":0},"end":{"line":5,"column":53}},"5":{"start":{"line":11,"column":0},"end":{"line":11,"column":null}},"6":{"start":{"line":11,"column":13},"end":{"line":11,"column":null}},"7":{"start":{"line":11,"column":13},"end":{"line":11,"column":26}}},"fnMap":{},"branchMap":{},"s":{"0":1,"1":1,"2":1,"3":1,"4":1,"5":1,"6":1,"7":1},"f":{},"b":{}}
,"C:\\Users\\vikys.DESKTOP-2T2RQ13\\Documents\\1TULSchool1\\STIN\\semestral\\STIN\\packages\\api\\src\\modules\\account\\account.resolver.ts": {"path":"C:\\Users\\vikys.DESKTOP-2T2RQ13\\Documents\\1TULSchool1\\STIN\\semestral\\STIN\\packages\\api\\src\\modules\\account\\account.resolver.ts","statementMap":{"0":{"start":{"line":1,"column":0},"end":{"line":1,"column":95}},"1":{"start":{"line":2,"column":0},"end":{"line":2,"column":43}},"2":{"start":{"line":3,"column":0},"end":{"line":3,"column":59}},"3":{"start":{"line":4,"column":0},"end":{"line":4,"column":69}},"4":{"start":{"line":5,"column":0},"end":{"line":5,"column":62}},"5":{"start":{"line":7,"column":0},"end":{"line":7,"column":42}},"6":{"start":{"line":8,"column":0},"end":{"line":8,"column":69}},"7":{"start":{"line":9,"column":0},"end":{"line":9,"column":72}},"8":{"start":{"line":10,"column":0},"end":{"line":10,"column":51}},"9":{"start":{"line":11,"column":0},"end":{"line":11,"column":43}},"10":{"start":{"line":15,"column":0},"end":{"line":47,"column":null}},"11":{"start":{"line":17,"column":19},"end":{"line":17,"column":34}},"12":{"start":{"line":18,"column":19},"end":{"line":18,"column":35}},"13":{"start":{"line":19,"column":19},"end":{"line":19,"column":39}},"14":{"start":{"line":27,"column":2},"end":{"line":27,"column":62}},"15":{"start":{"line":32,"column":2},"end":{"line":32,"column":109}},"16":{"start":{"line":37,"column":2},"end":{"line":40,"column":12}},"17":{"start":{"line":45,"column":2},"end":{"line":45,"column":55}},"18":{"start":{"line":23,"column":1},"end":{"line":28,"column":null}},"19":{"start":{"line":22,"column":17},"end":{"line":22,"column":24}},"20":{"start":{"line":25,"column":34},"end":{"line":25,"column":42}},"21":{"start":{"line":31,"column":1},"end":{"line":33,"column":null}},"22":{"start":{"line":30,"column":14},"end":{"line":30,"column":26}},"23":{"start":{"line":36,"column":1},"end":{"line":41,"column":null}},"24":{"start":{"line":35,"column":21},"end":{"line":35,"column":37}},"25":{"start":{"line":44,"column":1},"end":{"line":46,"column":null}},"26":{"start":{"line":43,"column":21},"end":{"line":43,"column":26}},"27":{"start":{"line":15,"column":13},"end":{"line":47,"column":null}},"28":{"start":{"line":14,"column":16},"end":{"line":14,"column":26}},"29":{"start":{"line":15,"column":13},"end":{"line":15,"column":28}}},"fnMap":{"0":{"name":"(anonymous_4)","decl":{"start":{"line":16,"column":1},"end":{"line":16,"column":null}},"loc":{"start":{"line":19,"column":57},"end":{"line":20,"column":5}}},"1":{"name":"(anonymous_5)","decl":{"start":{"line":23,"column":1},"end":{"line":23,"column":14}},"loc":{"start":{"line":25,"column":64},"end":{"line":28,"column":2}}},"2":{"name":"(anonymous_6)","decl":{"start":{"line":31,"column":1},"end":{"line":31,"column":10}},"loc":{"start":{"line":31,"column":39},"end":{"line":33,"column":2}}},"3":{"name":"(anonymous_7)","decl":{"start":{"line":36,"column":1},"end":{"line":36,"column":13}},"loc":{"start":{"line":36,"column":76},"end":{"line":41,"column":2}}},"4":{"name":"(anonymous_8)","decl":{"start":{"line":44,"column":1},"end":{"line":44,"column":8}},"loc":{"start":{"line":44,"column":71},"end":{"line":46,"column":2}}},"5":{"name":"(anonymous_9)","decl":{"start":{"line":22,"column":11},"end":{"line":22,"column":14}},"loc":{"start":{"line":22,"column":17},"end":{"line":22,"column":24}}},"6":{"name":"(anonymous_10)","decl":{"start":{"line":25,"column":28},"end":{"line":25,"column":31}},"loc":{"start":{"line":25,"column":34},"end":{"line":25,"column":42}}},"7":{"name":"(anonymous_11)","decl":{"start":{"line":30,"column":8},"end":{"line":30,"column":11}},"loc":{"start":{"line":30,"column":14},"end":{"line":30,"column":26}}},"8":{"name":"(anonymous_12)","decl":{"start":{"line":35,"column":15},"end":{"line":35,"column":18}},"loc":{"start":{"line":35,"column":21},"end":{"line":35,"column":37}}},"9":{"name":"(anonymous_13)","decl":{"start":{"line":43,"column":15},"end":{"line":43,"column":18}},"loc":{"start":{"line":43,"column":21},"end":{"line":43,"column":26}}},"10":{"name":"(anonymous_14)","decl":{"start":{"line":14,"column":10},"end":{"line":14,"column":13}},"loc":{"start":{"line":14,"column":16},"end":{"line":14,"column":26}}}},"branchMap":{},"s":{"0":2,"1":2,"2":2,"3":2,"4":2,"5":2,"6":2,"7":2,"8":2,"9":2,"10":2,"11":5,"12":5,"13":5,"14":1,"15":1,"16":1,"17":1,"18":2,"19":0,"20":0,"21":2,"22":0,"23":2,"24":0,"25":2,"26":0,"27":2,"28":4,"29":2},"f":{"0":5,"1":1,"2":1,"3":1,"4":1,"5":0,"6":0,"7":0,"8":0,"9":0,"10":4},"b":{}}
,"C:\\Users\\vikys.DESKTOP-2T2RQ13\\Documents\\1TULSchool1\\STIN\\semestral\\STIN\\packages\\api\\src\\modules\\account\\account.service.ts": {"path":"C:\\Users\\vikys.DESKTOP-2T2RQ13\\Documents\\1TULSchool1\\STIN\\semestral\\STIN\\packages\\api\\src\\modules\\account\\account.service.ts","statementMap":{"0":{"start":{"line":1,"column":0},"end":{"line":1,"column":44}},"1":{"start":{"line":3,"column":0},"end":{"line":3,"column":28}},"2":{"start":{"line":4,"column":0},"end":{"line":4,"column":62}},"3":{"start":{"line":7,"column":0},"end":{"line":21,"column":null}},"4":{"start":{"line":8,"column":30},"end":{"line":8,"column":45}},"5":{"start":{"line":10,"column":24},"end":{"line":10,"column":59}},"6":{"start":{"line":11,"column":2},"end":{"line":17,"column":5}},"7":{"start":{"line":19,"column":2},"end":{"line":19,"column":14}},"8":{"start":{"line":7,"column":13},"end":{"line":21,"column":null}},"9":{"start":{"line":7,"column":13},"end":{"line":7,"column":27}}},"fnMap":{"0":{"name":"(anonymous_3)","decl":{"start":{"line":8,"column":1},"end":{"line":8,"column":30}},"loc":{"start":{"line":8,"column":58},"end":{"line":8,"column":62}}},"1":{"name":"(anonymous_4)","decl":{"start":{"line":9,"column":1},"end":{"line":9,"column":6}},"loc":{"start":{"line":9,"column":55},"end":{"line":20,"column":2}}}},"branchMap":{},"s":{"0":3,"1":3,"2":3,"3":3,"4":6,"5":1,"6":1,"7":1,"8":3,"9":3},"f":{"0":6,"1":1},"b":{}}
,"C:\\Users\\vikys.DESKTOP-2T2RQ13\\Documents\\1TULSchool1\\STIN\\semestral\\STIN\\packages\\api\\src\\modules\\auth\\jwt-auth.guard.ts": {"path":"C:\\Users\\vikys.DESKTOP-2T2RQ13\\Documents\\1TULSchool1\\STIN\\semestral\\STIN\\packages\\api\\src\\modules\\auth\\jwt-auth.guard.ts","statementMap":{"0":{"start":{"line":2,"column":0},"end":{"line":2,"column":44}},"1":{"start":{"line":3,"column":0},"end":{"line":3,"column":54}},"2":{"start":{"line":4,"column":0},"end":{"line":4,"column":45}},"3":{"start":{"line":7,"column":0},"end":{"line":13,"column":null}},"4":{"start":{"line":9,"column":14},"end":{"line":9,"column":49}},"5":{"start":{"line":11,"column":2},"end":{"line":11,"column":30}},"6":{"start":{"line":7,"column":13},"end":{"line":13,"column":null}},"7":{"start":{"line":7,"column":13},"end":{"line":7,"column":25}}},"fnMap":{"0":{"name":"(anonymous_1)","decl":{"start":{"line":8,"column":1},"end":{"line":8,"column":11}},"loc":{"start":{"line":8,"column":37},"end":{"line":12,"column":2}}}},"branchMap":{},"s":{"0":5,"1":5,"2":5,"3":5,"4":1,"5":1,"6":5,"7":5},"f":{"0":1},"b":{}}
,"C:\\Users\\vikys.DESKTOP-2T2RQ13\\Documents\\1TULSchool1\\STIN\\semestral\\STIN\\packages\\api\\src\\modules\\auth\\decorators\\user.decorator.ts": {"path":"C:\\Users\\vikys.DESKTOP-2T2RQ13\\Documents\\1TULSchool1\\STIN\\semestral\\STIN\\packages\\api\\src\\modules\\auth\\decorators\\user.decorator.ts","statementMap":{"0":{"start":{"line":1,"column":0},"end":{"line":1,"column":54}},"1":{"start":{"line":2,"column":0},"end":{"line":2,"column":29}},"2":{"start":{"line":5,"column":13},"end":{"line":5,"column":99}},"3":{"start":{"line":5,"column":69},"end":{"line":5,"column":97}},"4":{"start":{"line":6,"column":13},"end":{"line":6,"column":116}},"5":{"start":{"line":6,"column":86},"end":{"line":6,"column":114}}},"fnMap":{"0":{"name":"(anonymous_1)","decl":{"start":{"line":5,"column":48},"end":{"line":5,"column":49}},"loc":{"start":{"line":5,"column":69},"end":{"line":5,"column":97}}},"1":{"name":"(anonymous_2)","decl":{"start":{"line":6,"column":52},"end":{"line":6,"column":53}},"loc":{"start":{"line":6,"column":86},"end":{"line":6,"column":114}}}},"branchMap":{},"s":{"0":5,"1":5,"2":5,"3":0,"4":5,"5":0},"f":{"0":0,"1":0},"b":{}}
,"C:\\Users\\vikys.DESKTOP-2T2RQ13\\Documents\\1TULSchool1\\STIN\\semestral\\STIN\\packages\\api\\src\\modules\\ex-rate\\ex-rate.module.ts": {"path":"C:\\Users\\vikys.DESKTOP-2T2RQ13\\Documents\\1TULSchool1\\STIN\\semestral\\STIN\\packages\\api\\src\\modules\\ex-rate\\ex-rate.module.ts","statementMap":{"0":{"start":{"line":1,"column":0},"end":{"line":1,"column":40}},"1":{"start":{"line":2,"column":0},"end":{"line":2,"column":60}},"2":{"start":{"line":3,"column":0},"end":{"line":3,"column":50}},"3":{"start":{"line":4,"column":0},"end":{"line":4,"column":52}},"4":{"start":{"line":11,"column":0},"end":{"line":11,"column":null}},"5":{"start":{"line":11,"column":13},"end":{"line":11,"column":null}},"6":{"start":{"line":11,"column":13},"end":{"line":11,"column":25}}},"fnMap":{},"branchMap":{},"s":{"0":1,"1":1,"2":1,"3":1,"4":1,"5":1,"6":1},"f":{},"b":{}}
,"C:\\Users\\vikys.DESKTOP-2T2RQ13\\Documents\\1TULSchool1\\STIN\\semestral\\STIN\\packages\\api\\src\\modules\\ex-rate\\ex-rate.resolver.ts": {"path":"C:\\Users\\vikys.DESKTOP-2T2RQ13\\Documents\\1TULSchool1\\STIN\\semestral\\STIN\\packages\\api\\src\\modules\\ex-rate\\ex-rate.resolver.ts","statementMap":{"0":{"start":{"line":1,"column":0},"end":{"line":1,"column":43}},"1":{"start":{"line":2,"column":0},"end":{"line":2,"column":50}},"2":{"start":{"line":5,"column":0},"end":{"line":7,"column":null}},"3":{"start":{"line":6,"column":30},"end":{"line":6,"column":45}},"4":{"start":{"line":5,"column":13},"end":{"line":7,"column":null}},"5":{"start":{"line":5,"column":13},"end":{"line":5,"column":27}}},"fnMap":{"0":{"name":"(anonymous_2)","decl":{"start":{"line":6,"column":1},"end":{"line":6,"column":30}},"loc":{"start":{"line":6,"column":58},"end":{"line":6,"column":62}}}},"branchMap":{},"s":{"0":1,"1":1,"2":1,"3":1,"4":1,"5":1},"f":{"0":1},"b":{}}
,"C:\\Users\\vikys.DESKTOP-2T2RQ13\\Documents\\1TULSchool1\\STIN\\semestral\\STIN\\packages\\api\\src\\modules\\ex-rate\\ex-rate.service.ts": {"path":"C:\\Users\\vikys.DESKTOP-2T2RQ13\\Documents\\1TULSchool1\\STIN\\semestral\\STIN\\packages\\api\\src\\modules\\ex-rate\\ex-rate.service.ts","statementMap":{"0":{"start":{"line":1,"column":0},"end":{"line":1,"column":26}},"1":{"start":{"line":2,"column":0},"end":{"line":2,"column":58}},"2":{"start":{"line":3,"column":0},"end":{"line":3,"column":62}},"3":{"start":{"line":6,"column":24},"end":{"line":6,"column":52}},"4":{"start":{"line":7,"column":23},"end":{"line":7,"column":31}},"5":{"start":{"line":9,"column":1},"end":{"line":9,"column":106}},"6":{"start":{"line":12,"column":0},"end":{"line":57,"column":null}},"7":{"start":{"line":13,"column":30},"end":{"line":13,"column":45}},"8":{"start":{"line":17,"column":2},"end":{"line":17,"column":36}},"9":{"start":{"line":19,"column":2},"end":{"line":22,"column":21}},"10":{"start":{"line":21,"column":3},"end":{"line":21,"column":37}},"11":{"start":{"line":27,"column":3},"end":{"line":29,"column":10}},"12":{"start":{"line":30,"column":2},"end":{"line":32,"column":null}},"13":{"start":{"line":31,"column":3},"end":{"line":31,"column":10}},"14":{"start":{"line":35,"column":19},"end":{"line":35,"column":44}},"15":{"start":{"line":37,"column":16},"end":{"line":37,"column":32}},"16":{"start":{"line":39,"column":59},"end":{"line":39,"column":61}},"17":{"start":{"line":40,"column":20},"end":{"line":40,"column":21}},"18":{"start":{"line":41,"column":19},"end":{"line":41,"column":20}},"19":{"start":{"line":42,"column":2},"end":{"line":53,"column":null}},"20":{"start":{"line":42,"column":15},"end":{"line":42,"column":24}},"21":{"start":{"line":43,"column":16},"end":{"line":43,"column":24}},"22":{"start":{"line":45,"column":63},"end":{"line":45,"column":78}},"23":{"start":{"line":47,"column":3},"end":{"line":52,"column":null}},"24":{"start":{"line":48,"column":4},"end":{"line":51,"column":7}},"25":{"start":{"line":55,"column":2},"end":{"line":55,"column":63}},"26":{"start":{"line":12,"column":13},"end":{"line":57,"column":null}},"27":{"start":{"line":12,"column":13},"end":{"line":12,"column":26}}},"fnMap":{"0":{"name":"(anonymous_3)","decl":{"start":{"line":13,"column":1},"end":{"line":13,"column":30}},"loc":{"start":{"line":13,"column":58},"end":{"line":13,"column":62}}},"1":{"name":"(anonymous_4)","decl":{"start":{"line":15,"column":1},"end":{"line":15,"column":13}},"loc":{"start":{"line":15,"column":13},"end":{"line":23,"column":2}}},"2":{"name":"(anonymous_5)","decl":{"start":{"line":19,"column":14},"end":{"line":19,"column":17}},"loc":{"start":{"line":19,"column":19},"end":{"line":22,"column":3}}},"3":{"name":"(anonymous_6)","decl":{"start":{"line":25,"column":1},"end":{"line":25,"column":6}},"loc":{"start":{"line":25,"column":12},"end":{"line":56,"column":2}}}},"branchMap":{"0":{"loc":{"start":{"line":30,"column":2},"end":{"line":32,"column":null}},"type":"if","locations":[{"start":{"line":30,"column":2},"end":{"line":32,"column":null}}]},"1":{"loc":{"start":{"line":47,"column":3},"end":{"line":52,"column":null}},"type":"if","locations":[{"start":{"line":47,"column":3},"end":{"line":52,"column":null}}]}},"s":{"0":2,"1":2,"2":2,"3":2,"4":2,"5":2,"6":2,"7":6,"8":2,"9":2,"10":0,"11":1,"12":1,"13":1,"14":0,"15":0,"16":0,"17":0,"18":0,"19":0,"20":0,"21":0,"22":0,"23":0,"24":0,"25":0,"26":2,"27":2},"f":{"0":6,"1":2,"2":0,"3":1},"b":{"0":[1],"1":[0]}}
,"C:\\Users\\vikys.DESKTOP-2T2RQ13\\Documents\\1TULSchool1\\STIN\\semestral\\STIN\\packages\\api\\src\\modules\\graphql\\graphql.module.ts": {"path":"C:\\Users\\vikys.DESKTOP-2T2RQ13\\Documents\\1TULSchool1\\STIN\\semestral\\STIN\\packages\\api\\src\\modules\\graphql\\graphql.module.ts","statementMap":{"0":{"start":{"line":1,"column":0},"end":{"line":1,"column":40}},"1":{"start":{"line":2,"column":0},"end":{"line":2,"column":48}},"2":{"start":{"line":4,"column":0},"end":{"line":4,"column":52}},"3":{"start":{"line":15,"column":0},"end":{"line":15,"column":null}},"4":{"start":{"line":15,"column":13},"end":{"line":15,"column":null}},"5":{"start":{"line":15,"column":13},"end":{"line":15,"column":26}}},"fnMap":{},"branchMap":{},"s":{"0":1,"1":1,"2":1,"3":1,"4":1,"5":1},"f":{},"b":{}}
,"C:\\Users\\vikys.DESKTOP-2T2RQ13\\Documents\\1TULSchool1\\STIN\\semestral\\STIN\\packages\\api\\src\\modules\\prisma\\prisma.module.ts": {"path":"C:\\Users\\vikys.DESKTOP-2T2RQ13\\Documents\\1TULSchool1\\STIN\\semestral\\STIN\\packages\\api\\src\\modules\\prisma\\prisma.module.ts","statementMap":{"0":{"start":{"line":1,"column":0},"end":{"line":1,"column":40}},"1":{"start":{"line":2,"column":0},"end":{"line":2,"column":49}},"2":{"start":{"line":8,"column":0},"end":{"line":8,"column":null}},"3":{"start":{"line":8,"column":13},"end":{"line":8,"column":null}},"4":{"start":{"line":8,"column":13},"end":{"line":8,"column":25}}},"fnMap":{},"branchMap":{},"s":{"0":4,"1":4,"2":4,"3":4,"4":4},"f":{},"b":{}}
,"C:\\Users\\vikys.DESKTOP-2T2RQ13\\Documents\\1TULSchool1\\STIN\\semestral\\STIN\\packages\\api\\src\\modules\\prisma\\prisma.service.ts": {"path":"C:\\Users\\vikys.DESKTOP-2T2RQ13\\Documents\\1TULSchool1\\STIN\\semestral\\STIN\\packages\\api\\src\\modules\\prisma\\prisma.service.ts","statementMap":{"0":{"start":{"line":1,"column":0},"end":{"line":1,"column":83}},"1":{"start":{"line":2,"column":0},"end":{"line":2,"column":46}},"2":{"start":{"line":5,"column":0},"end":{"line":20,"column":null}},"3":{"start":{"line":7,"column":2},"end":{"line":7,"column":24}},"4":{"start":{"line":11,"column":2},"end":{"line":14,"column":5}},"5":{"start":{"line":12,"column":3},"end":{"line":12,"column":21}},"6":{"start":{"line":13,"column":3},"end":{"line":13,"column":28}},"7":{"start":{"line":5,"column":13},"end":{"line":20,"column":null}},"8":{"start":{"line":5,"column":13},"end":{"line":5,"column":26}}},"fnMap":{"0":{"name":"(anonymous_1)","decl":{"start":{"line":6,"column":1},"end":{"line":6,"column":6}},"loc":{"start":{"line":6,"column":19},"end":{"line":8,"column":2}}},"1":{"name":"(anonymous_2)","decl":{"start":{"line":10,"column":1},"end":{"line":10,"column":20}},"loc":{"start":{"line":10,"column":49},"end":{"line":19,"column":2}}},"2":{"name":"(anonymous_3)","decl":{"start":{"line":11,"column":27},"end":{"line":11,"column":32}},"loc":{"start":{"line":11,"column":38},"end":{"line":14,"column":3}}}},"branchMap":{},"s":{"0":11,"1":11,"2":11,"3":4,"4":1,"5":0,"6":0,"7":11,"8":11},"f":{"0":4,"1":1,"2":0},"b":{}}
,"C:\\Users\\vikys.DESKTOP-2T2RQ13\\Documents\\1TULSchool1\\STIN\\semestral\\STIN\\packages\\api\\src\\modules\\transaction\\transaction.dto.ts": {"path":"C:\\Users\\vikys.DESKTOP-2T2RQ13\\Documents\\1TULSchool1\\STIN\\semestral\\STIN\\packages\\api\\src\\modules\\transaction\\transaction.dto.ts","statementMap":{"0":{"start":{"line":1,"column":0},"end":{"line":1,"column":77}},"1":{"start":{"line":2,"column":0},"end":{"line":2,"column":49}},"2":{"start":{"line":4,"column":0},"end":{"line":6,"column":3}},"3":{"start":{"line":9,"column":0},"end":{"line":20,"column":null}},"4":{"start":{"line":10,"column":10},"end":{"line":10,"column":null}},"5":{"start":{"line":11,"column":10},"end":{"line":11,"column":null}},"6":{"start":{"line":12,"column":21},"end":{"line":12,"column":null}},"7":{"start":{"line":12,"column":14},"end":{"line":12,"column":19}},"8":{"start":{"line":13,"column":21},"end":{"line":13,"column":null}},"9":{"start":{"line":13,"column":14},"end":{"line":13,"column":19}},"10":{"start":{"line":14,"column":21},"end":{"line":14,"column":null}},"11":{"start":{"line":14,"column":14},"end":{"line":14,"column":19}},"12":{"start":{"line":15,"column":31},"end":{"line":15,"column":null}},"13":{"start":{"line":15,"column":14},"end":{"line":15,"column":29}},"14":{"start":{"line":16,"column":10},"end":{"line":16,"column":null}},"15":{"start":{"line":18,"column":28},"end":{"line":18,"column":null}},"16":{"start":{"line":19,"column":28},"end":{"line":19,"column":null}},"17":{"start":{"line":9,"column":13},"end":{"line":20,"column":null}},"18":{"start":{"line":9,"column":13},"end":{"line":9,"column":27}}},"fnMap":{"0":{"name":"(anonymous_2)","decl":{"start":{"line":12,"column":8},"end":{"line":12,"column":11}},"loc":{"start":{"line":12,"column":14},"end":{"line":12,"column":19}}},"1":{"name":"(anonymous_3)","decl":{"start":{"line":13,"column":8},"end":{"line":13,"column":11}},"loc":{"start":{"line":13,"column":14},"end":{"line":13,"column":19}}},"2":{"name":"(anonymous_4)","decl":{"start":{"line":14,"column":8},"end":{"line":14,"column":11}},"loc":{"start":{"line":14,"column":14},"end":{"line":14,"column":19}}},"3":{"name":"(anonymous_5)","decl":{"start":{"line":15,"column":8},"end":{"line":15,"column":11}},"loc":{"start":{"line":15,"column":14},"end":{"line":15,"column":29}}}},"branchMap":{},"s":{"0":6,"1":6,"2":6,"3":6,"4":6,"5":6,"6":6,"7":0,"8":6,"9":0,"10":6,"11":0,"12":6,"13":0,"14":6,"15":6,"16":6,"17":6,"18":6},"f":{"0":0,"1":0,"2":0,"3":0},"b":{}}
,"C:\\Users\\vikys.DESKTOP-2T2RQ13\\Documents\\1TULSchool1\\STIN\\semestral\\STIN\\packages\\api\\src\\modules\\transaction\\transaction.module.ts": {"path":"C:\\Users\\vikys.DESKTOP-2T2RQ13\\Documents\\1TULSchool1\\STIN\\semestral\\STIN\\packages\\api\\src\\modules\\transaction\\transaction.module.ts","statementMap":{"0":{"start":{"line":1,"column":0},"end":{"line":1,"column":40}},"1":{"start":{"line":2,"column":0},"end":{"line":2,"column":60}},"2":{"start":{"line":3,"column":0},"end":{"line":3,"column":59}},"3":{"start":{"line":4,"column":0},"end":{"line":4,"column":61}},"4":{"start":{"line":11,"column":0},"end":{"line":11,"column":null}},"5":{"start":{"line":11,"column":13},"end":{"line":11,"column":null}},"6":{"start":{"line":11,"column":13},"end":{"line":11,"column":30}}},"fnMap":{},"branchMap":{},"s":{"0":2,"1":2,"2":2,"3":2,"4":2,"5":2,"6":2},"f":{},"b":{}}
,"C:\\Users\\vikys.DESKTOP-2T2RQ13\\Documents\\1TULSchool1\\STIN\\semestral\\STIN\\packages\\api\\src\\modules\\transaction\\transaction.resolver.ts": {"path":"C:\\Users\\vikys.DESKTOP-2T2RQ13\\Documents\\1TULSchool1\\STIN\\semestral\\STIN\\packages\\api\\src\\modules\\transaction\\transaction.resolver.ts","statementMap":{"0":{"start":{"line":1,"column":0},"end":{"line":1,"column":43}},"1":{"start":{"line":2,"column":0},"end":{"line":2,"column":73}},"2":{"start":{"line":3,"column":0},"end":{"line":3,"column":69}},"3":{"start":{"line":4,"column":0},"end":{"line":4,"column":59}},"4":{"start":{"line":6,"column":0},"end":{"line":6,"column":62}},"5":{"start":{"line":7,"column":0},"end":{"line":7,"column":59}},"6":{"start":{"line":8,"column":0},"end":{"line":8,"column":51}},"7":{"start":{"line":9,"column":0},"end":{"line":9,"column":59}},"8":{"start":{"line":13,"column":0},"end":{"line":61,"column":null}},"9":{"start":{"line":15,"column":19},"end":{"line":15,"column":39}},"10":{"start":{"line":16,"column":19},"end":{"line":16,"column":34}},"11":{"start":{"line":21,"column":2},"end":{"line":24,"column":45}},"12":{"start":{"line":36,"column":2},"end":{"line":43,"column":4}},"13":{"start":{"line":48,"column":2},"end":{"line":59,"column":45}},"14":{"start":{"line":20,"column":1},"end":{"line":25,"column":null}},"15":{"start":{"line":19,"column":14},"end":{"line":19,"column":30}},"16":{"start":{"line":28,"column":1},"end":{"line":44,"column":null}},"17":{"start":{"line":27,"column":17},"end":{"line":27,"column":24}},"18":{"start":{"line":30,"column":32},"end":{"line":30,"column":37}},"19":{"start":{"line":31,"column":30},"end":{"line":31,"column":45}},"20":{"start":{"line":33,"column":34},"end":{"line":33,"column":42}},"21":{"start":{"line":47,"column":1},"end":{"line":60,"column":null}},"22":{"start":{"line":46,"column":14},"end":{"line":46,"column":30}},"23":{"start":{"line":13,"column":13},"end":{"line":61,"column":null}},"24":{"start":{"line":12,"column":16},"end":{"line":12,"column":30}},"25":{"start":{"line":13,"column":13},"end":{"line":13,"column":32}}},"fnMap":{"0":{"name":"(anonymous_4)","decl":{"start":{"line":14,"column":1},"end":{"line":14,"column":null}},"loc":{"start":{"line":16,"column":47},"end":{"line":17,"column":5}}},"1":{"name":"(anonymous_5)","decl":{"start":{"line":20,"column":1},"end":{"line":20,"column":15}},"loc":{"start":{"line":20,"column":44},"end":{"line":25,"column":2}}},"2":{"name":"(anonymous_6)","decl":{"start":{"line":28,"column":1},"end":{"line":28,"column":18}},"loc":{"start":{"line":34,"column":71},"end":{"line":44,"column":2}}},"3":{"name":"(anonymous_7)","decl":{"start":{"line":47,"column":1},"end":{"line":47,"column":19}},"loc":{"start":{"line":47,"column":86},"end":{"line":60,"column":2}}},"4":{"name":"(anonymous_8)","decl":{"start":{"line":19,"column":8},"end":{"line":19,"column":11}},"loc":{"start":{"line":19,"column":14},"end":{"line":19,"column":30}}},"5":{"name":"(anonymous_9)","decl":{"start":{"line":27,"column":11},"end":{"line":27,"column":14}},"loc":{"start":{"line":27,"column":17},"end":{"line":27,"column":24}}},"6":{"name":"(anonymous_10)","decl":{"start":{"line":30,"column":26},"end":{"line":30,"column":29}},"loc":{"start":{"line":30,"column":32},"end":{"line":30,"column":37}}},"7":{"name":"(anonymous_11)","decl":{"start":{"line":31,"column":24},"end":{"line":31,"column":27}},"loc":{"start":{"line":31,"column":30},"end":{"line":31,"column":45}}},"8":{"name":"(anonymous_12)","decl":{"start":{"line":33,"column":28},"end":{"line":33,"column":31}},"loc":{"start":{"line":33,"column":34},"end":{"line":33,"column":42}}},"9":{"name":"(anonymous_13)","decl":{"start":{"line":46,"column":8},"end":{"line":46,"column":11}},"loc":{"start":{"line":46,"column":14},"end":{"line":46,"column":30}}},"10":{"name":"(anonymous_14)","decl":{"start":{"line":12,"column":10},"end":{"line":12,"column":13}},"loc":{"start":{"line":12,"column":16},"end":{"line":12,"column":30}}}},"branchMap":{},"s":{"0":3,"1":3,"2":3,"3":3,"4":3,"5":3,"6":3,"7":3,"8":3,"9":5,"10":5,"11":1,"12":1,"13":1,"14":3,"15":0,"16":3,"17":0,"18":0,"19":0,"20":0,"21":3,"22":0,"23":3,"24":6,"25":3},"f":{"0":5,"1":1,"2":1,"3":1,"4":0,"5":0,"6":0,"7":0,"8":0,"9":0,"10":6},"b":{}}
,"C:\\Users\\vikys.DESKTOP-2T2RQ13\\Documents\\1TULSchool1\\STIN\\semestral\\STIN\\packages\\api\\src\\modules\\transaction\\transaction.service.ts": {"path":"C:\\Users\\vikys.DESKTOP-2T2RQ13\\Documents\\1TULSchool1\\STIN\\semestral\\STIN\\packages\\api\\src\\modules\\transaction\\transaction.service.ts","statementMap":{"0":{"start":{"line":4,"column":0},"end":{"line":4,"column":44}},"1":{"start":{"line":5,"column":0},"end":{"line":5,"column":59}},"2":{"start":{"line":6,"column":0},"end":{"line":6,"column":62}},"3":{"start":{"line":9,"column":0},"end":{"line":256,"column":null}},"4":{"start":{"line":10,"column":30},"end":{"line":10,"column":45}},"5":{"start":{"line":16,"column":21},"end":{"line":16,"column":54}},"6":{"start":{"line":17,"column":31},"end":{"line":40,"column":4}},"7":{"start":{"line":42,"column":2},"end":{"line":42,"column":72}},"8":{"start":{"line":45,"column":14},"end":{"line":45,"column":86}},"9":{"start":{"line":46,"column":2},"end":{"line":46,"column":33}},"10":{"start":{"line":50,"column":2},"end":{"line":61,"column":null}},"11":{"start":{"line":51,"column":17},"end":{"line":54,"column":5}},"12":{"start":{"line":55,"column":17},"end":{"line":58,"column":5}},"13":{"start":{"line":60,"column":3},"end":{"line":60,"column":38}},"14":{"start":{"line":62,"column":2},"end":{"line":69,"column":null}},"15":{"start":{"line":63,"column":23},"end":{"line":66,"column":5}},"16":{"start":{"line":68,"column":3},"end":{"line":68,"column":33}},"17":{"start":{"line":70,"column":2},"end":{"line":76,"column":null}},"18":{"start":{"line":71,"column":21},"end":{"line":74,"column":5}},"19":{"start":{"line":75,"column":3},"end":{"line":75,"column":27}},"20":{"start":{"line":77,"column":2},"end":{"line":77,"column":11}},"21":{"start":{"line":88,"column":2},"end":{"line":252,"column":null}},"22":{"start":{"line":89,"column":17},"end":{"line":91,"column":5}},"23":{"start":{"line":92,"column":19},"end":{"line":94,"column":5}},"24":{"start":{"line":96,"column":3},"end":{"line":98,"column":null}},"25":{"start":{"line":97,"column":4},"end":{"line":97,"column":48}},"26":{"start":{"line":99,"column":3},"end":{"line":101,"column":null}},"27":{"start":{"line":100,"column":4},"end":{"line":100,"column":52}},"28":{"start":{"line":103,"column":3},"end":{"line":160,"column":null}},"29":{"start":{"line":104,"column":4},"end":{"line":157,"column":7}},"30":{"start":{"line":105,"column":21},"end":{"line":107,"column":7}},"31":{"start":{"line":110,"column":6},"end":{"line":110,"column":90}},"32":{"start":{"line":112,"column":5},"end":{"line":114,"column":null}},"33":{"start":{"line":113,"column":6},"end":{"line":113,"column":50}},"34":{"start":{"line":116,"column":21},"end":{"line":116,"column":58}},"35":{"start":{"line":118,"column":5},"end":{"line":154,"column":null}},"36":{"start":{"line":119,"column":6},"end":{"line":119,"column":44}},"37":{"start":{"line":120,"column":12},"end":{"line":154,"column":null}},"38":{"start":{"line":121,"column":23},"end":{"line":123,"column":8}},"39":{"start":{"line":124,"column":6},"end":{"line":126,"column":null}},"40":{"start":{"line":125,"column":7},"end":{"line":125,"column":48}},"41":{"start":{"line":127,"column":24},"end":{"line":127,"column":63}},"42":{"start":{"line":129,"column":7},"end":{"line":129,"column":92}},"43":{"start":{"line":130,"column":6},"end":{"line":132,"column":null}},"44":{"start":{"line":131,"column":7},"end":{"line":131,"column":60}},"45":{"start":{"line":133,"column":6},"end":{"line":142,"column":9}},"46":{"start":{"line":144,"column":6},"end":{"line":153,"column":9}},"47":{"start":{"line":156,"column":5},"end":{"line":156,"column":17}},"48":{"start":{"line":159,"column":4},"end":{"line":159,"column":16}},"49":{"start":{"line":162,"column":3},"end":{"line":184,"column":null}},"50":{"start":{"line":163,"column":4},"end":{"line":181,"column":7}},"51":{"start":{"line":164,"column":21},"end":{"line":166,"column":7}},"52":{"start":{"line":167,"column":5},"end":{"line":169,"column":null}},"53":{"start":{"line":168,"column":6},"end":{"line":168,"column":40}},"54":{"start":{"line":171,"column":5},"end":{"line":180,"column":8}},"55":{"start":{"line":183,"column":4},"end":{"line":183,"column":16}},"56":{"start":{"line":186,"column":3},"end":{"line":251,"column":null}},"57":{"start":{"line":187,"column":4},"end":{"line":248,"column":7}},"58":{"start":{"line":188,"column":22},"end":{"line":190,"column":7}},"59":{"start":{"line":191,"column":22},"end":{"line":193,"column":7}},"60":{"start":{"line":195,"column":6},"end":{"line":195,"column":90}},"61":{"start":{"line":196,"column":5},"end":{"line":198,"column":null}},"62":{"start":{"line":197,"column":6},"end":{"line":197,"column":52}},"63":{"start":{"line":199,"column":21},"end":{"line":199,"column":59}},"64":{"start":{"line":200,"column":22},"end":{"line":200,"column":95}},"65":{"start":{"line":202,"column":5},"end":{"line":204,"column":null}},"66":{"start":{"line":203,"column":6},"end":{"line":203,"column":47}},"67":{"start":{"line":206,"column":5},"end":{"line":247,"column":null}},"68":{"start":{"line":207,"column":6},"end":{"line":207,"column":44}},"69":{"start":{"line":208,"column":12},"end":{"line":247,"column":null}},"70":{"start":{"line":209,"column":24},"end":{"line":209,"column":63}},"71":{"start":{"line":211,"column":7},"end":{"line":211,"column":92}},"72":{"start":{"line":213,"column":7},"end":{"line":214,"column":10}},"73":{"start":{"line":215,"column":6},"end":{"line":217,"column":null}},"74":{"start":{"line":216,"column":7},"end":{"line":216,"column":60}},"75":{"start":{"line":219,"column":6},"end":{"line":230,"column":9}},"76":{"start":{"line":232,"column":6},"end":{"line":246,"column":9}},"77":{"start":{"line":250,"column":4},"end":{"line":250,"column":16}},"78":{"start":{"line":254,"column":2},"end":{"line":254,"column":31}},"79":{"start":{"line":9,"column":13},"end":{"line":256,"column":null}},"80":{"start":{"line":9,"column":13},"end":{"line":9,"column":31}}},"fnMap":{"0":{"name":"(anonymous_2)","decl":{"start":{"line":10,"column":1},"end":{"line":10,"column":30}},"loc":{"start":{"line":10,"column":58},"end":{"line":10,"column":62}}},"1":{"name":"(anonymous_3)","decl":{"start":{"line":12,"column":1},"end":{"line":12,"column":6}},"loc":{"start":{"line":14,"column":97},"end":{"line":43,"column":2}}},"2":{"name":"(anonymous_4)","decl":{"start":{"line":44,"column":1},"end":{"line":44,"column":6}},"loc":{"start":{"line":44,"column":42},"end":{"line":47,"column":2}}},"3":{"name":"(anonymous_5)","decl":{"start":{"line":49,"column":1},"end":{"line":49,"column":6}},"loc":{"start":{"line":49,"column":59},"end":{"line":78,"column":2}}},"4":{"name":"(anonymous_6)","decl":{"start":{"line":80,"column":1},"end":{"line":80,"column":6}},"loc":{"start":{"line":86,"column":26},"end":{"line":255,"column":2}}},"5":{"name":"(anonymous_7)","decl":{"start":{"line":104,"column":42},"end":{"line":104,"column":47}},"loc":{"start":{"line":104,"column":53},"end":{"line":157,"column":5}}},"6":{"name":"(anonymous_8)","decl":{"start":{"line":163,"column":42},"end":{"line":163,"column":47}},"loc":{"start":{"line":163,"column":53},"end":{"line":181,"column":5}}},"7":{"name":"(anonymous_9)","decl":{"start":{"line":187,"column":42},"end":{"line":187,"column":47}},"loc":{"start":{"line":187,"column":53},"end":{"line":248,"column":5}}}},"branchMap":{"0":{"loc":{"start":{"line":16,"column":21},"end":{"line":16,"column":54}},"type":"cond-expr","locations":[{"start":{"line":16,"column":21},"end":{"line":16,"column":32}},{"start":{"line":16,"column":36},"end":{"line":16,"column":54}}]},"1":{"loc":{"start":{"line":16,"column":21},"end":{"line":16,"column":36}},"type":"binary-expr","locations":[{"start":{"line":16,"column":21},"end":{"line":16,"column":36}},{"start":{"line":16,"column":21},"end":{"line":16,"column":36}}]},"2":{"loc":{"start":{"line":42,"column":10},"end":{"line":42,"column":37}},"type":"cond-expr","locations":[{"start":{"line":42,"column":32},"end":{"line":42,"column":36}},{"start":{"line":42,"column":36},"end":{"line":42,"column":37}}]},"3":{"loc":{"start":{"line":42,"column":10},"end":{"line":42,"column":36}},"type":"binary-expr","locations":[{"start":{"line":42,"column":10},"end":{"line":42,"column":36}},{"start":{"line":42,"column":32},"end":{"line":42,"column":36}}]},"4":{"loc":{"start":{"line":42,"column":47},"end":{"line":42,"column":70}},"type":"cond-expr","locations":[{"start":{"line":42,"column":65},"end":{"line":42,"column":69}},{"start":{"line":42,"column":69},"end":{"line":42,"column":70}}]},"5":{"loc":{"start":{"line":42,"column":47},"end":{"line":42,"column":69}},"type":"binary-expr","locations":[{"start":{"line":42,"column":47},"end":{"line":42,"column":69}},{"start":{"line":42,"column":65},"end":{"line":42,"column":69}}]},"6":{"loc":{"start":{"line":46,"column":9},"end":{"line":46,"column":32}},"type":"cond-expr","locations":[{"start":{"line":46,"column":22},"end":{"line":46,"column":26}},{"start":{"line":46,"column":26},"end":{"line":46,"column":32}}]},"7":{"loc":{"start":{"line":46,"column":9},"end":{"line":46,"column":26}},"type":"binary-expr","locations":[{"start":{"line":46,"column":9},"end":{"line":46,"column":26}},{"start":{"line":46,"column":22},"end":{"line":46,"column":26}}]},"8":{"loc":{"start":{"line":46,"column":9},"end":{"line":46,"column":22}},"type":"cond-expr","locations":[{"start":{"line":46,"column":12},"end":{"line":46,"column":14}},{"start":{"line":46,"column":9},"end":{"line":46,"column":22}}]},"9":{"loc":{"start":{"line":46,"column":9},"end":{"line":46,"column":14}},"type":"binary-expr","locations":[{"start":{"line":46,"column":9},"end":{"line":46,"column":14}},{"start":{"line":46,"column":9},"end":{"line":46,"column":14}}]},"10":{"loc":{"start":{"line":50,"column":2},"end":{"line":61,"column":null}},"type":"if","locations":[{"start":{"line":50,"column":2},"end":{"line":61,"column":null}}]},"11":{"loc":{"start":{"line":50,"column":6},"end":{"line":50,"column":75}},"type":"binary-expr","locations":[{"start":{"line":50,"column":6},"end":{"line":50,"column":25}},{"start":{"line":50,"column":29},"end":{"line":50,"column":48}},{"start":{"line":50,"column":52},"end":{"line":50,"column":75}}]},"12":{"loc":{"start":{"line":62,"column":2},"end":{"line":69,"column":null}},"type":"if","locations":[{"start":{"line":62,"column":2},"end":{"line":69,"column":null}}]},"13":{"loc":{"start":{"line":62,"column":6},"end":{"line":62,"column":52}},"type":"binary-expr","locations":[{"start":{"line":62,"column":6},"end":{"line":62,"column":25}},{"start":{"line":62,"column":29},"end":{"line":62,"column":52}}]},"14":{"loc":{"start":{"line":70,"column":2},"end":{"line":76,"column":null}},"type":"if","locations":[{"start":{"line":70,"column":2},"end":{"line":76,"column":null}}]},"15":{"loc":{"start":{"line":70,"column":6},"end":{"line":70,"column":52}},"type":"binary-expr","locations":[{"start":{"line":70,"column":6},"end":{"line":70,"column":25}},{"start":{"line":70,"column":29},"end":{"line":70,"column":52}}]},"16":{"loc":{"start":{"line":88,"column":2},"end":{"line":252,"column":null}},"type":"if","locations":[{"start":{"line":88,"column":2},"end":{"line":252,"column":null}}]},"17":{"loc":{"start":{"line":96,"column":3},"end":{"line":98,"column":null}},"type":"if","locations":[{"start":{"line":96,"column":3},"end":{"line":98,"column":null}}]},"18":{"loc":{"start":{"line":99,"column":3},"end":{"line":101,"column":null}},"type":"if","locations":[{"start":{"line":99,"column":3},"end":{"line":101,"column":null}}]},"19":{"loc":{"start":{"line":103,"column":3},"end":{"line":160,"column":null}},"type":"if","locations":[{"start":{"line":103,"column":3},"end":{"line":160,"column":null}}]},"20":{"loc":{"start":{"line":110,"column":58},"end":{"line":110,"column":75}},"type":"cond-expr","locations":[{"start":{"line":110,"column":65},"end":{"line":110,"column":67}},{"start":{"line":110,"column":58},"end":{"line":110,"column":75}}]},"21":{"loc":{"start":{"line":110,"column":58},"end":{"line":110,"column":67}},"type":"binary-expr","locations":[{"start":{"line":110,"column":58},"end":{"line":110,"column":67}},{"start":{"line":110,"column":58},"end":{"line":110,"column":67}}]},"22":{"loc":{"start":{"line":112,"column":5},"end":{"line":114,"column":null}},"type":"if","locations":[{"start":{"line":112,"column":5},"end":{"line":114,"column":null}}]},"23":{"loc":{"start":{"line":118,"column":5},"end":{"line":154,"column":null}},"type":"if","locations":[{"start":{"line":118,"column":5},"end":{"line":154,"column":null}},{"start":{"line":120,"column":12},"end":{"line":154,"column":null}}]},"24":{"loc":{"start":{"line":118,"column":9},"end":{"line":118,"column":58}},"type":"binary-expr","locations":[{"start":{"line":118,"column":9},"end":{"line":118,"column":28}},{"start":{"line":118,"column":32},"end":{"line":118,"column":58}}]},"25":{"loc":{"start":{"line":120,"column":12},"end":{"line":154,"column":null}},"type":"if","locations":[{"start":{"line":120,"column":12},"end":{"line":154,"column":null}},{"start":{"line":143,"column":12},"end":{"line":154,"column":null}}]},"26":{"loc":{"start":{"line":120,"column":16},"end":{"line":120,"column":65}},"type":"binary-expr","locations":[{"start":{"line":120,"column":16},"end":{"line":120,"column":35}},{"start":{"line":120,"column":39},"end":{"line":120,"column":65}}]},"27":{"loc":{"start":{"line":124,"column":6},"end":{"line":126,"column":null}},"type":"if","locations":[{"start":{"line":124,"column":6},"end":{"line":126,"column":null}}]},"28":{"loc":{"start":{"line":127,"column":46},"end":{"line":127,"column":58}},"type":"cond-expr","locations":[{"start":{"line":127,"column":54},"end":{"line":127,"column":56}},{"start":{"line":127,"column":46},"end":{"line":127,"column":58}}]},"29":{"loc":{"start":{"line":127,"column":46},"end":{"line":127,"column":56}},"type":"binary-expr","locations":[{"start":{"line":127,"column":46},"end":{"line":127,"column":56}},{"start":{"line":127,"column":46},"end":{"line":127,"column":56}}]},"30":{"loc":{"start":{"line":129,"column":59},"end":{"line":129,"column":77}},"type":"cond-expr","locations":[{"start":{"line":129,"column":67},"end":{"line":129,"column":69}},{"start":{"line":129,"column":59},"end":{"line":129,"column":77}}]},"31":{"loc":{"start":{"line":129,"column":59},"end":{"line":129,"column":69}},"type":"binary-expr","locations":[{"start":{"line":129,"column":59},"end":{"line":129,"column":69}},{"start":{"line":129,"column":59},"end":{"line":129,"column":69}}]},"32":{"loc":{"start":{"line":130,"column":6},"end":{"line":132,"column":null}},"type":"if","locations":[{"start":{"line":130,"column":6},"end":{"line":132,"column":null}}]},"33":{"loc":{"start":{"line":139,"column":23},"end":{"line":139,"column":35}},"type":"cond-expr","locations":[{"start":{"line":139,"column":31},"end":{"line":139,"column":33}},{"start":{"line":139,"column":23},"end":{"line":139,"column":35}}]},"34":{"loc":{"start":{"line":139,"column":23},"end":{"line":139,"column":33}},"type":"binary-expr","locations":[{"start":{"line":139,"column":23},"end":{"line":139,"column":33}},{"start":{"line":139,"column":23},"end":{"line":139,"column":33}}]},"35":{"loc":{"start":{"line":162,"column":3},"end":{"line":184,"column":null}},"type":"if","locations":[{"start":{"line":162,"column":3},"end":{"line":184,"column":null}}]},"36":{"loc":{"start":{"line":167,"column":5},"end":{"line":169,"column":null}},"type":"if","locations":[{"start":{"line":167,"column":5},"end":{"line":169,"column":null}}]},"37":{"loc":{"start":{"line":173,"column":67},"end":{"line":173,"column":82}},"type":"cond-expr","locations":[{"start":{"line":173,"column":72},"end":{"line":173,"column":74}},{"start":{"line":173,"column":67},"end":{"line":173,"column":82}}]},"38":{"loc":{"start":{"line":173,"column":67},"end":{"line":173,"column":74}},"type":"binary-expr","locations":[{"start":{"line":173,"column":67},"end":{"line":173,"column":74}},{"start":{"line":173,"column":67},"end":{"line":173,"column":74}}]},"39":{"loc":{"start":{"line":186,"column":3},"end":{"line":251,"column":null}},"type":"if","locations":[{"start":{"line":186,"column":3},"end":{"line":251,"column":null}}]},"40":{"loc":{"start":{"line":195,"column":58},"end":{"line":195,"column":75}},"type":"cond-expr","locations":[{"start":{"line":195,"column":65},"end":{"line":195,"column":67}},{"start":{"line":195,"column":58},"end":{"line":195,"column":75}}]},"41":{"loc":{"start":{"line":195,"column":58},"end":{"line":195,"column":67}},"type":"binary-expr","locations":[{"start":{"line":195,"column":58},"end":{"line":195,"column":67}},{"start":{"line":195,"column":58},"end":{"line":195,"column":67}}]},"42":{"loc":{"start":{"line":196,"column":5},"end":{"line":198,"column":null}},"type":"if","locations":[{"start":{"line":196,"column":5},"end":{"line":198,"column":null}}]},"43":{"loc":{"start":{"line":202,"column":5},"end":{"line":204,"column":null}},"type":"if","locations":[{"start":{"line":202,"column":5},"end":{"line":204,"column":null}}]},"44":{"loc":{"start":{"line":206,"column":5},"end":{"line":247,"column":null}},"type":"if","locations":[{"start":{"line":206,"column":5},"end":{"line":247,"column":null}},{"start":{"line":208,"column":12},"end":{"line":247,"column":null}}]},"45":{"loc":{"start":{"line":206,"column":9},"end":{"line":206,"column":59}},"type":"binary-expr","locations":[{"start":{"line":206,"column":9},"end":{"line":206,"column":28}},{"start":{"line":206,"column":32},"end":{"line":206,"column":59}}]},"46":{"loc":{"start":{"line":208,"column":12},"end":{"line":247,"column":null}},"type":"if","locations":[{"start":{"line":208,"column":12},"end":{"line":247,"column":null}},{"start":{"line":231,"column":12},"end":{"line":247,"column":null}}]},"47":{"loc":{"start":{"line":208,"column":16},"end":{"line":208,"column":66}},"type":"binary-expr","locations":[{"start":{"line":208,"column":16},"end":{"line":208,"column":35}},{"start":{"line":208,"column":39},"end":{"line":208,"column":66}}]},"48":{"loc":{"start":{"line":209,"column":46},"end":{"line":209,"column":58}},"type":"cond-expr","locations":[{"start":{"line":209,"column":54},"end":{"line":209,"column":56}},{"start":{"line":209,"column":46},"end":{"line":209,"column":58}}]},"49":{"loc":{"start":{"line":209,"column":46},"end":{"line":209,"column":56}},"type":"binary-expr","locations":[{"start":{"line":209,"column":46},"end":{"line":209,"column":56}},{"start":{"line":209,"column":46},"end":{"line":209,"column":56}}]},"50":{"loc":{"start":{"line":211,"column":59},"end":{"line":211,"column":77}},"type":"cond-expr","locations":[{"start":{"line":211,"column":67},"end":{"line":211,"column":69}},{"start":{"line":211,"column":59},"end":{"line":211,"column":77}}]},"51":{"loc":{"start":{"line":211,"column":59},"end":{"line":211,"column":69}},"type":"binary-expr","locations":[{"start":{"line":211,"column":59},"end":{"line":211,"column":69}},{"start":{"line":211,"column":59},"end":{"line":211,"column":69}}]},"52":{"loc":{"start":{"line":213,"column":49},"end":{"line":213,"column":67}},"type":"cond-expr","locations":[{"start":{"line":213,"column":57},"end":{"line":213,"column":59}},{"start":{"line":213,"column":49},"end":{"line":213,"column":67}}]},"53":{"loc":{"start":{"line":213,"column":49},"end":{"line":213,"column":59}},"type":"binary-expr","locations":[{"start":{"line":213,"column":49},"end":{"line":213,"column":59}},{"start":{"line":213,"column":49},"end":{"line":213,"column":59}}]},"54":{"loc":{"start":{"line":213,"column":69},"end":{"line":213,"column":87}},"type":"cond-expr","locations":[{"start":{"line":213,"column":77},"end":{"line":213,"column":79}},{"start":{"line":213,"column":69},"end":{"line":213,"column":87}}]},"55":{"loc":{"start":{"line":213,"column":69},"end":{"line":213,"column":79}},"type":"binary-expr","locations":[{"start":{"line":213,"column":69},"end":{"line":213,"column":79}},{"start":{"line":213,"column":69},"end":{"line":213,"column":79}}]},"56":{"loc":{"start":{"line":215,"column":6},"end":{"line":217,"column":null}},"type":"if","locations":[{"start":{"line":215,"column":6},"end":{"line":217,"column":null}}]},"57":{"loc":{"start":{"line":224,"column":23},"end":{"line":224,"column":35}},"type":"cond-expr","locations":[{"start":{"line":224,"column":31},"end":{"line":224,"column":33}},{"start":{"line":224,"column":23},"end":{"line":224,"column":35}}]},"58":{"loc":{"start":{"line":224,"column":23},"end":{"line":224,"column":33}},"type":"binary-expr","locations":[{"start":{"line":224,"column":23},"end":{"line":224,"column":33}},{"start":{"line":224,"column":23},"end":{"line":224,"column":33}}]},"59":{"loc":{"start":{"line":235,"column":61},"end":{"line":235,"column":76}},"type":"cond-expr","locations":[{"start":{"line":235,"column":66},"end":{"line":235,"column":68}},{"start":{"line":235,"column":61},"end":{"line":235,"column":76}}]},"60":{"loc":{"start":{"line":235,"column":61},"end":{"line":235,"column":68}},"type":"binary-expr","locations":[{"start":{"line":235,"column":61},"end":{"line":235,"column":68}},{"start":{"line":235,"column":61},"end":{"line":235,"column":68}}]},"61":{"loc":{"start":{"line":237,"column":61},"end":{"line":237,"column":78}},"type":"cond-expr","locations":[{"start":{"line":237,"column":68},"end":{"line":237,"column":70}},{"start":{"line":237,"column":61},"end":{"line":237,"column":78}}]},"62":{"loc":{"start":{"line":237,"column":61},"end":{"line":237,"column":70}},"type":"binary-expr","locations":[{"start":{"line":237,"column":61},"end":{"line":237,"column":70}},{"start":{"line":237,"column":61},"end":{"line":237,"column":70}}]}},"s":{"0":5,"1":5,"2":5,"3":5,"4":38,"5":8,"6":8,"7":8,"8":2,"9":2,"10":14,"11":5,"12":5,"13":5,"14":9,"15":1,"16":1,"17":8,"18":2,"19":2,"20":6,"21":12,"22":12,"23":12,"24":12,"25":1,"26":11,"27":1,"28":10,"29":6,"30":6,"31":6,"32":6,"33":3,"34":3,"35":3,"36":1,"37":2,"38":2,"39":2,"40":1,"41":1,"42":1,"43":1,"44":1,"45":0,"46":0,"47":0,"48":0,"49":4,"50":2,"51":2,"52":2,"53":1,"54":1,"55":1,"56":2,"57":2,"58":2,"59":2,"60":2,"61":2,"62":1,"63":1,"64":1,"65":1,"66":1,"67":0,"68":0,"69":0,"70":0,"71":0,"72":0,"73":0,"74":0,"75":0,"76":0,"77":0,"78":0,"79":5,"80":5},"f":{"0":38,"1":8,"2":2,"3":14,"4":12,"5":6,"6":2,"7":2},"b":{"0":[8,0],"1":[8,8],"2":[0,8],"3":[8,0],"4":[1,7],"5":[8,1],"6":[1,1],"7":[2,2],"8":[1,1],"9":[2,1],"10":[5],"11":[14,12,10],"12":[1],"13":[9,2],"14":[2],"15":[8,3],"16":[12],"17":[1],"18":[1],"19":[6],"20":[3,3],"21":[6,5],"22":[3],"23":[1,2],"24":[3,3],"25":[2,0],"26":[2,2],"27":[1],"28":[0,1],"29":[1,1],"30":[0,1],"31":[1,1],"32":[1],"33":[0,0],"34":[0,0],"35":[2],"36":[1],"37":[0,1],"38":[1,1],"39":[2],"40":[2,0],"41":[2,0],"42":[1],"43":[1],"44":[0,0],"45":[0,0],"46":[0,0],"47":[0,0],"48":[0,0],"49":[0,0],"50":[0,0],"51":[0,0],"52":[0,0],"53":[0,0],"54":[0,0],"55":[0,0],"56":[0],"57":[0,0],"58":[0,0],"59":[0,0],"60":[0,0],"61":[0,0],"62":[0,0]}}
,"C:\\Users\\vikys.DESKTOP-2T2RQ13\\Documents\\1TULSchool1\\STIN\\semestral\\STIN\\packages\\api\\src\\modules\\user\\user.dto.ts": {"path":"C:\\Users\\vikys.DESKTOP-2T2RQ13\\Documents\\1TULSchool1\\STIN\\semestral\\STIN\\packages\\api\\src\\modules\\user\\user.dto.ts","statementMap":{"0":{"start":{"line":1,"column":0},"end":{"line":1,"column":52}},"1":{"start":{"line":4,"column":0},"end":{"line":6,"column":null}},"2":{"start":{"line":5,"column":28},"end":{"line":5,"column":null}},"3":{"start":{"line":4,"column":13},"end":{"line":6,"column":null}},"4":{"start":{"line":4,"column":13},"end":{"line":4,"column":24}}},"fnMap":{},"branchMap":{},"s":{"0":1,"1":1,"2":1,"3":1,"4":1},"f":{},"b":{}}
,"C:\\Users\\vikys.DESKTOP-2T2RQ13\\Documents\\1TULSchool1\\STIN\\semestral\\STIN\\packages\\api\\src\\utils\\number.ts": {"path":"C:\\Users\\vikys.DESKTOP-2T2RQ13\\Documents\\1TULSchool1\\STIN\\semestral\\STIN\\packages\\api\\src\\utils\\number.ts","statementMap":{"0":{"start":{"line":1,"column":29},"end":{"line":1,"column":116}},"1":{"start":{"line":1,"column":67},"end":{"line":1,"column":116}},"2":{"start":{"line":1,"column":13},"end":{"line":1,"column":29}}},"fnMap":{"0":{"name":"(anonymous_0)","decl":{"start":{"line":1,"column":29},"end":{"line":1,"column":30}},"loc":{"start":{"line":1,"column":67},"end":{"line":1,"column":116}}}},"branchMap":{},"s":{"0":1,"1":3,"2":1},"f":{"0":3},"b":{}}
,"C:\\Users\\vikys.DESKTOP-2T2RQ13\\Documents\\1TULSchool1\\STIN\\semestral\\STIN\\packages\\api\\src\\utils\\string.ts": {"path":"C:\\Users\\vikys.DESKTOP-2T2RQ13\\Documents\\1TULSchool1\\STIN\\semestral\\STIN\\packages\\api\\src\\utils\\string.ts","statementMap":{"0":{"start":{"line":1,"column":30},"end":{"line":4,"column":1}},"1":{"start":{"line":2,"column":13},"end":{"line":2,"column":29}},"2":{"start":{"line":3,"column":1},"end":{"line":3,"column":22}},"3":{"start":{"line":1,"column":13},"end":{"line":1,"column":30}}},"fnMap":{"0":{"name":"(anonymous_0)","decl":{"start":{"line":1,"column":30},"end":{"line":1,"column":31}},"loc":{"start":{"line":1,"column":55},"end":{"line":4,"column":1}}}},"branchMap":{},"s":{"0":1,"1":6,"2":6,"3":1},"f":{"0":6},"b":{}}
}
