TN:
SF:packages\api\src\app\system.controller.ts
FN:6,(anonymous_2)
FNF:1
FNH:1
FNDA:1,(anonymous_2)
DA:1,1
DA:4,1
DA:6,1
DA:7,1
LF:4
LH:4
BRF:0
BRH:0
end_of_record
TN:
SF:packages\api\src\modules\account\account.dto.ts
FN:14,(anonymous_2)
FN:15,(anonymous_3)
FN:16,(anonymous_4)
FNF:3
FNH:0
FNDA:0,(anonymous_2)
FNDA:0,(anonymous_3)
FNDA:0,(anonymous_4)
DA:1,3
DA:2,3
DA:3,3
DA:5,3
DA:10,3
DA:11,3
DA:12,3
DA:13,3
DA:14,3
DA:15,3
DA:16,3
DA:21,3
DA:22,3
DA:23,3
DA:24,3
DA:25,3
LF:16
LH:16
BRF:0
BRH:0
end_of_record
TN:
SF:packages\api\src\modules\account\account.module.ts
FNF:0
FNH:0
DA:1,1
DA:2,1
DA:3,1
DA:4,1
DA:5,1
DA:11,1
LF:6
LH:6
BRF:0
BRH:0
end_of_record
TN:
SF:packages\api\src\modules\account\account.resolver.ts
FN:16,(anonymous_4)
FN:23,(anonymous_5)
FN:31,(anonymous_6)
FN:36,(anonymous_7)
FN:44,(anonymous_8)
FN:22,(anonymous_9)
FN:25,(anonymous_10)
FN:30,(anonymous_11)
FN:35,(anonymous_12)
FN:43,(anonymous_13)
FN:14,(anonymous_14)
FNF:11
FNH:6
FNDA:5,(anonymous_4)
FNDA:1,(anonymous_5)
FNDA:1,(anonymous_6)
FNDA:1,(anonymous_7)
FNDA:1,(anonymous_8)
FNDA:0,(anonymous_9)
FNDA:0,(anonymous_10)
FNDA:0,(anonymous_11)
FNDA:0,(anonymous_12)
FNDA:0,(anonymous_13)
FNDA:4,(anonymous_14)
DA:1,2
DA:2,2
DA:3,2
DA:4,2
DA:5,2
DA:6,2
DA:8,2
DA:9,2
DA:10,2
DA:11,2
DA:14,4
DA:15,2
DA:17,5
DA:18,5
DA:19,5
DA:22,0
DA:23,2
DA:25,0
DA:27,1
DA:30,0
DA:31,2
DA:32,1
DA:35,0
DA:36,2
DA:37,1
DA:43,0
DA:44,2
DA:45,1
LF:28
LH:23
BRF:0
BRH:0
end_of_record
TN:
SF:packages\api\src\modules\account\account.service.ts
FN:8,(anonymous_3)
FN:9,(anonymous_4)
FNF:2
FNH:2
FNDA:6,(anonymous_3)
FNDA:1,(anonymous_4)
DA:1,3
DA:3,3
DA:4,3
DA:7,3
DA:8,6
DA:10,1
DA:11,1
DA:19,1
LF:8
LH:8
BRF:0
BRH:0
end_of_record
TN:
SF:packages\api\src\modules\auth\jwt-auth.guard.ts
FN:8,(anonymous_1)
FNF:1
FNH:1
FNDA:1,(anonymous_1)
DA:2,5
DA:3,5
DA:4,5
DA:7,5
DA:9,1
DA:11,1
LF:6
LH:6
BRF:0
BRH:0
end_of_record
TN:
SF:packages\api\src\modules\auth\decorators\user.decorator.ts
FN:5,(anonymous_1)
FN:6,(anonymous_2)
FNF:2
FNH:0
FNDA:0,(anonymous_1)
FNDA:0,(anonymous_2)
DA:1,5
DA:2,5
DA:5,5
DA:6,5
LF:4
LH:4
BRF:0
BRH:0
end_of_record
TN:
SF:packages\api\src\modules\ex-rate\ex-rate.module.ts
FNF:0
FNH:0
DA:1,1
DA:2,1
DA:3,1
DA:4,1
DA:11,1
LF:5
LH:5
BRF:0
BRH:0
end_of_record
TN:
SF:packages\api\src\modules\ex-rate\ex-rate.resolver.ts
FN:6,(anonymous_2)
FNF:1
FNH:1
FNDA:1,(anonymous_2)
DA:1,1
DA:2,1
DA:5,1
DA:6,1
LF:4
LH:4
BRF:0
BRH:0
end_of_record
TN:
SF:packages\api\src\modules\ex-rate\ex-rate.service.ts
FN:13,(anonymous_3)
FN:15,(anonymous_4)
FN:19,(anonymous_5)
FN:25,(anonymous_6)
FNF:4
FNH:3
FNDA:8,(anonymous_3)
FNDA:2,(anonymous_4)
FNDA:0,(anonymous_5)
FNDA:3,(anonymous_6)
DA:1,2
DA:2,2
DA:4,2
DA:6,2
DA:7,2
DA:9,2
DA:12,2
DA:13,8
DA:17,2
DA:19,2
DA:21,0
DA:27,3
DA:30,3
DA:31,1
DA:35,2
DA:37,1
DA:39,1
DA:40,1
DA:41,1
DA:42,1
DA:43,0
DA:45,0
DA:47,0
DA:48,0
DA:55,1
LF:25
LH:20
BRDA:30,0,0,1
BRDA:47,1,0,0
BRF:2
BRH:1
end_of_record
TN:
SF:packages\api\src\modules\graphql\graphql.module.ts
FNF:0
FNH:0
DA:1,1
DA:2,1
DA:4,1
DA:15,1
LF:4
LH:4
BRF:0
BRH:0
end_of_record
TN:
SF:packages\api\src\modules\prisma\prisma.module.ts
FNF:0
FNH:0
DA:1,4
DA:2,4
DA:8,4
LF:3
LH:3
BRF:0
BRH:0
end_of_record
TN:
SF:packages\api\src\modules\prisma\prisma.service.ts
FN:6,(anonymous_1)
FN:9,(anonymous_2)
FN:13,(anonymous_3)
FN:14,(anonymous_4)
FNF:4
FNH:3
FNDA:4,(anonymous_1)
FNDA:3,(anonymous_2)
FNDA:1,(anonymous_3)
FNDA:0,(anonymous_4)
DA:1,11
DA:2,11
DA:5,11
DA:7,4
DA:10,3
DA:14,1
DA:15,0
DA:16,0
LF:8
LH:6
BRF:0
BRH:0
end_of_record
TN:
SF:packages\api\src\modules\transaction\transaction.dto.ts
FN:12,(anonymous_2)
FN:13,(anonymous_3)
FN:14,(anonymous_4)
FN:15,(anonymous_5)
FNF:4
FNH:0
FNDA:0,(anonymous_2)
FNDA:0,(anonymous_3)
FNDA:0,(anonymous_4)
FNDA:0,(anonymous_5)
DA:1,6
DA:2,6
DA:4,6
DA:9,6
DA:10,6
DA:11,6
DA:12,6
DA:13,6
DA:14,6
DA:15,6
DA:16,6
DA:18,6
DA:19,6
LF:13
LH:13
BRF:0
BRH:0
end_of_record
TN:
SF:packages\api\src\modules\transaction\transaction.module.ts
FNF:0
FNH:0
DA:1,2
DA:2,2
DA:3,2
DA:4,2
DA:11,2
LF:5
LH:5
BRF:0
BRH:0
end_of_record
TN:
SF:packages\api\src\modules\transaction\transaction.resolver.ts
FN:14,(anonymous_4)
FN:20,(anonymous_5)
FN:28,(anonymous_6)
FN:47,(anonymous_7)
FN:19,(anonymous_8)
FN:27,(anonymous_9)
FN:30,(anonymous_10)
FN:31,(anonymous_11)
FN:33,(anonymous_12)
FN:46,(anonymous_13)
FN:12,(anonymous_14)
FNF:11
FNH:5
FNDA:5,(anonymous_4)
FNDA:1,(anonymous_5)
FNDA:1,(anonymous_6)
FNDA:1,(anonymous_7)
FNDA:0,(anonymous_8)
FNDA:0,(anonymous_9)
FNDA:0,(anonymous_10)
FNDA:0,(anonymous_11)
FNDA:0,(anonymous_12)
FNDA:0,(anonymous_13)
FNDA:6,(anonymous_14)
DA:1,3
DA:2,3
DA:3,3
DA:4,3
DA:5,3
DA:7,3
DA:8,3
DA:9,3
DA:12,6
DA:13,3
DA:15,5
DA:16,5
DA:19,0
DA:20,3
DA:21,1
DA:27,0
DA:28,3
DA:30,0
DA:31,0
DA:33,0
DA:36,1
DA:46,0
DA:47,3
DA:48,1
LF:24
LH:18
BRF:0
BRH:0
end_of_record
TN:
SF:packages\api\src\modules\transaction\transaction.service.ts
FN:10,(anonymous_2)
FN:12,(anonymous_3)
FN:44,(anonymous_4)
FN:49,(anonymous_5)
FN:80,(anonymous_6)
FN:104,(anonymous_7)
FN:163,(anonymous_8)
FN:187,(anonymous_9)
FNF:8
FNH:8
FNDA:39,(anonymous_2)
FNDA:9,(anonymous_3)
FNDA:2,(anonymous_4)
FNDA:15,(anonymous_5)
FNDA:13,(anonymous_6)
FNDA:5,(anonymous_7)
FNDA:2,(anonymous_8)
FNDA:4,(anonymous_9)
DA:4,5
DA:5,5
DA:6,5
DA:9,5
DA:10,39
DA:16,9
DA:17,9
DA:42,9
DA:45,2
DA:46,2
DA:50,15
DA:51,5
DA:55,5
DA:60,5
DA:62,10
DA:63,1
DA:68,1
DA:70,9
DA:71,3
DA:75,3
DA:77,6
DA:88,13
DA:89,13
DA:92,13
DA:96,13
DA:97,1
DA:99,12
DA:100,1
DA:103,11
DA:104,5
DA:105,5
DA:110,5
DA:112,5
DA:113,2
DA:116,3
DA:118,3
DA:119,1
DA:120,2
DA:121,2
DA:124,2
DA:125,1
DA:127,1
DA:129,1
DA:130,1
DA:131,1
DA:133,0
DA:144,0
DA:156,0
DA:159,0
DA:162,6
DA:163,2
DA:164,2
DA:167,2
DA:168,1
DA:171,1
DA:183,1
DA:186,4
DA:187,4
DA:188,4
DA:193,4
DA:194,4
DA:195,2
DA:197,2
DA:198,2
DA:200,2
DA:201,1
DA:204,1
DA:205,1
DA:206,0
DA:207,0
DA:210,0
DA:211,0
DA:213,0
DA:214,0
DA:216,0
DA:217,0
DA:218,0
DA:221,0
DA:234,0
DA:252,0
DA:256,0
LF:81
LH:64
BRDA:16,0,0,9
BRDA:16,0,1,0
BRDA:16,1,0,9
BRDA:16,1,1,9
BRDA:42,2,0,0
BRDA:42,2,1,9
BRDA:42,3,0,9
BRDA:42,3,1,0
BRDA:42,4,0,1
BRDA:42,4,1,8
BRDA:42,5,0,9
BRDA:42,5,1,1
BRDA:46,6,0,1
BRDA:46,6,1,1
BRDA:46,7,0,2
BRDA:46,7,1,2
BRDA:46,8,0,1
BRDA:46,8,1,1
BRDA:46,9,0,2
BRDA:46,9,1,1
BRDA:50,10,0,5
BRDA:50,11,0,15
BRDA:50,11,1,13
BRDA:50,11,2,10
BRDA:62,12,0,1
BRDA:62,13,0,10
BRDA:62,13,1,2
BRDA:70,14,0,3
BRDA:70,15,0,9
BRDA:70,15,1,4
BRDA:88,16,0,13
BRDA:96,17,0,1
BRDA:99,18,0,1
BRDA:103,19,0,5
BRDA:110,20,0,2
BRDA:110,20,1,3
BRDA:110,21,0,5
BRDA:110,21,1,4
BRDA:112,22,0,2
BRDA:118,23,0,1
BRDA:118,23,1,2
BRDA:118,24,0,3
BRDA:118,24,1,3
BRDA:120,25,0,2
BRDA:120,25,1,0
BRDA:120,26,0,2
BRDA:120,26,1,2
BRDA:124,27,0,1
BRDA:127,28,0,0
BRDA:127,28,1,1
BRDA:127,29,0,1
BRDA:127,29,1,1
BRDA:129,30,0,0
BRDA:129,30,1,1
BRDA:129,31,0,1
BRDA:129,31,1,1
BRDA:130,32,0,1
BRDA:139,33,0,0
BRDA:139,33,1,0
BRDA:139,34,0,0
BRDA:139,34,1,0
BRDA:162,35,0,2
BRDA:167,36,0,1
BRDA:173,37,0,0
BRDA:173,37,1,1
BRDA:173,38,0,1
BRDA:173,38,1,1
BRDA:186,39,0,4
BRDA:193,40,0,3
BRDA:193,40,1,1
BRDA:193,41,0,4
BRDA:193,41,1,2
BRDA:194,42,0,2
BRDA:200,43,0,1
BRDA:204,44,0,1
BRDA:204,44,1,0
BRDA:204,45,0,1
BRDA:204,45,1,1
BRDA:206,46,0,0
BRDA:206,46,1,0
BRDA:206,47,0,0
BRDA:206,47,1,0
BRDA:210,48,0,0
BRDA:213,49,0,0
BRDA:213,49,1,0
BRDA:213,50,0,0
BRDA:213,50,1,0
BRDA:216,51,0,0
BRDA:216,51,1,0
BRDA:216,52,0,0
BRDA:216,52,1,0
BRDA:217,53,0,0
BRDA:226,54,0,0
BRDA:226,54,1,0
BRDA:226,55,0,0
BRDA:226,55,1,0
BRDA:237,56,0,0
BRDA:237,56,1,0
BRDA:237,57,0,0
BRDA:237,57,1,0
BRDA:239,58,0,0
BRDA:239,58,1,0
BRDA:239,59,0,0
BRDA:239,59,1,0
BRF:104
BRH:66
end_of_record
TN:
SF:packages\api\src\modules\user\user.dto.ts
FNF:0
FNH:0
DA:1,1
DA:4,1
DA:5,1
LF:3
LH:3
BRF:0
BRH:0
end_of_record
TN:
SF:packages\api\src\utils\number.ts
FN:1,(anonymous_0)
FNF:1
FNH:1
FNDA:3,(anonymous_0)
DA:1,3
LF:1
LH:1
BRF:0
BRH:0
end_of_record
TN:
SF:packages\api\src\utils\string.ts
FN:1,(anonymous_0)
FNF:1
FNH:1
FNDA:6,(anonymous_0)
DA:1,1
DA:2,6
DA:3,6
LF:3
LH:3
BRF:0
BRH:0
end_of_record
